This is pdfTeX, Version 3.141592653-2.6-1.40.28 (TeX Live 2025) (preloaded format=pdflatex 2025.10.16)  17 OCT 2025 21:18
entering extended mode
 restricted \write18 enabled.
 file:line:error style messages enabled.
 %&-line parsing enabled.
**/home/ermenal/thesis/thesis_tex/thesis-dutch.tex
(/home/ermenal/thesis/thesis_tex/thesis-dutch.tex
LaTeX2e <2025-06-01> patch level 1
L3 programming layer <2025-09-02>
(./kulemt.cls
Document Class: kulemt 2025-05-20 v2.1.0 KU Leuven Engineering Master's Thesis document class
\l_kulemt_opt_ptsize_int=\count275
\l_kulemt_opt_bind_dim=\dimen148
\l_kulemt_opt_acyear_int=\count276
(/usr/local/texlive/2025/texmf-dist/tex/latex/memoir/memoir.cls
Document Class: memoir 2025/10/02 v3.8.4 configurable book, report, article document class
(/usr/local/texlive/2025/texmf-dist/tex/latex/xpatch/xpatch.sty (/usr/local/texlive/2025/texmf-dist/tex/latex/l3kernel/expl3.sty
Package: expl3 2025-09-02 L3 programming layer (loader) 
 (/usr/local/texlive/2025/texmf-dist/tex/latex/l3backend/l3backend-pdftex.def
File: l3backend-pdftex.def 2025-06-09 L3 backend support: PDF output (pdfTeX)
\l__color_backend_stack_int=\count277
))
Package: xpatch 2020/03/25 v0.3a Extending etoolbox patching commands
 (/usr/local/texlive/2025/texmf-dist/tex/latex/l3packages/xparse/xparse.sty
Package: xparse 2024-08-16 L3 Experimental document command parser
) (/usr/local/texlive/2025/texmf-dist/tex/latex/etoolbox/etoolbox.sty
Package: etoolbox 2025/10/02 v2.5m e-TeX tools for LaTeX (JAW)
\etb@tempcnta=\count278
))
\onelineskip=\skip49
\lxvchars=\skip50
\xlvchars=\skip51
\@memcnta=\count279
\c@@memmarkcntra=\count280
 (/usr/local/texlive/2025/texmf-dist/tex/generic/iftex/iftex.sty
Package: iftex 2024/12/12 v1.0g TeX engine tests
)
\trimtop=\skip52
\trimedge=\skip53
 (/usr/local/texlive/2025/texmf-dist/tex/latex/memoir/mem11.clo
File: mem11.clo 2022/07/29 v0.5 memoir class 11pt size option
LaTeX Font Info:    Trying to load font information for T1+lmr on input line 38.
 (/usr/local/texlive/2025/texmf-dist/tex/latex/lm/t1lmr.fd
File: t1lmr.fd 2015/05/01 v1.6.1 Font defs for Latin Modern
))
\binding=\skip54
\spinemargin=\skip55
\foremargin=\skip56
\uppermargin=\skip57
\lowermargin=\skip58
\headdrop=\skip59
\normalrulethickness=\skip60
\mem@maxheadheight=\skip61
\mem@maxfootheight=\skip62
\headwidth=\skip63
\c@storedpagenumber=\count281
\memPD=\dimen149
\m@mabparskip=\skip64
\thanksmarkwidth=\skip65
\thanksmarksep=\skip66
\droptitle=\skip67
\c@book=\count282
\c@part=\count283
\c@chapter=\count284
\c@section=\count285
\c@subsection=\count286
\c@subsubsection=\count287
\c@paragraph=\count288
\c@subparagraph=\count289
\beforechapskip=\skip68
\midchapskip=\skip69
\afterchapskip=\skip70
\chapindent=\skip71
\bottomsectionskip=\skip72
\secindent=\skip73
\beforesecskip=\skip74
\aftersecskip=\skip75
\subsecindent=\skip76
\beforesubsecskip=\skip77
\aftersubsecskip=\skip78
\subsubsecindent=\skip79
\beforesubsubsecskip=\skip80
\aftersubsubsecskip=\skip81
\paraindent=\skip82
\beforeparaskip=\skip83
\afterparaskip=\skip84
\subparaindent=\skip85
\beforesubparaskip=\skip86
\aftersubparaskip=\skip87
\pfbreakskip=\skip88
\c@@ppsavesec=\count290
\c@@ppsaveapp=\count291
\ragrparindent=\dimen150
\everylistparindent=\dimen151
\parsepi=\skip89
\topsepi=\skip90
\itemsepi=\skip91
\parsepii=\skip92
\topsepii=\skip93
\topsepiii=\skip94
\itemsepii=\skip95
\itemsepiii=\skip96
\partopsepii=\skip97
\partopsepiii=\skip98
\m@msavetopsep=\skip99
\m@msavepartopsep=\skip100
\@enLab=\toks17
\abstitleskip=\skip101
\absleftindent=\skip102
\abs@leftindent=\dimen152
\absrightindent=\skip103
\absparindent=\skip104
\absparsep=\skip105
\c@vslineno=\count292
\c@poemline=\count293
\c@modulo@vs=\count294
\c@memfvsline=\count295
\vleftskip=\skip106
\vrightskip=\skip107
\stanzaskip=\skip108
\versewidth=\skip109
\vgap=\skip110
\vindent=\skip111
\vleftmargin=\dimen153
\c@verse=\count296
\c@chrsinstr=\count297
\beforepoemtitleskip=\skip112
\afterpoemtitleskip=\skip113
\c@poem=\count298
\beforePoemTitleskip=\skip114
\midPoemTitleskip=\skip115
\afterPoemTitleskip=\skip116
 (/usr/local/texlive/2025/texmf-dist/tex/latex/tools/array.sty
Package: array 2025/06/08 v2.6j Tabular extension package (FMi)
\col@sep=\dimen154
\ar@mcellbox=\box53
\extrarowheight=\dimen155
\NC@list=\toks18
\extratabsurround=\skip117
\backup@length=\skip118
\ar@cellbox=\box54
) (/usr/local/texlive/2025/texmf-dist/tex/latex/tools/dcolumn.sty
Package: dcolumn 2023/07/08 v1.06 decimal alignment package (DPC)
) (/usr/local/texlive/2025/texmf-dist/tex/latex/tools/delarray.sty
Package: delarray 2014/10/28 v1.01 array delimiter package (DPC)
) (/usr/local/texlive/2025/texmf-dist/tex/latex/tools/tabularx.sty
Package: tabularx 2023/12/11 v2.12a `tabularx' package (DPC)
\TX@col@width=\dimen156
\TX@old@table=\dimen157
\TX@old@col=\dimen158
\TX@target=\dimen159
\TX@delta=\dimen160
\TX@cols=\count299
\TX@ftn=\toks19
) (/usr/local/texlive/2025/texmf-dist/tex/latex/booktabs/booktabs.sty
Package: booktabs 2020/01/12 v1.61803398 Publication quality tables
\heavyrulewidth=\dimen161
\lightrulewidth=\dimen162
\cmidrulewidth=\dimen163
\belowrulesep=\dimen164
\belowbottomsep=\dimen165
\aboverulesep=\dimen166
\abovetopsep=\dimen167
\cmidrulesep=\dimen168
\cmidrulekern=\dimen169
\defaultaddspace=\dimen170
\@cmidla=\count300
\@cmidlb=\count301
\@aboverulesep=\dimen171
\@belowrulesep=\dimen172
\@thisruleclass=\count302
\@lastruleclass=\count303
\@thisrulewidth=\dimen173
)
\ctableftskip=\skip119
\ctabrightskip=\skip120
\abovecolumnspenalty=\count304
\@linestogo=\count305
\@cellstogo=\count306
\@cellsincolumn=\count307
\crtok=\toks20
\@mincolumnwidth=\dimen174
\c@newflo@tctr=\count308
\mem@margin@floatbox=\box55
\@contcwidth=\skip121
\@contindw=\skip122
\abovecaptionskip=\skip123
\belowcaptionskip=\skip124
\subfloattopskip=\skip125
\subfloatcapskip=\skip126
\subfloatcaptopadj=\skip127
\subfloatbottomskip=\skip128
\subfloatlabelskip=\skip129
\subfloatcapmargin=\dimen175
\c@@contsubnum=\count309
\m@mscap@capbox=\box56
\m@mscap@fbox=\box57
\sidecapsep=\dimen176
\sidecapwidth=\dimen177
\m@m@tempdima=\dimen178
\m@mscapraise=\dimen179
\sidecapraise=\dimen180
\m@mscapmainwidth=\dimen181
\m@mscaplkern=\dimen182
\beforeepigraphskip=\skip130
\afterepigraphskip=\skip131
\epigraphwidth=\skip132
\epigraphrule=\skip133
 (/usr/local/texlive/2025/texmf-dist/tex/latex/hyperref/nameref.sty
Package: nameref 2025-06-21 v2.57 Cross-referencing by name of section
 (/usr/local/texlive/2025/texmf-dist/tex/latex/refcount/refcount.sty
Package: refcount 2019/12/15 v3.6 Data extraction from label references (HO)
 (/usr/local/texlive/2025/texmf-dist/tex/generic/ltxcmds/ltxcmds.sty
Package: ltxcmds 2023-12-04 v1.26 LaTeX kernel commands for general use (HO)
) (/usr/local/texlive/2025/texmf-dist/tex/generic/infwarerr/infwarerr.sty
Package: infwarerr 2019/12/03 v1.5 Providing info/warning/error messages (HO)
)) (/usr/local/texlive/2025/texmf-dist/tex/generic/gettitlestring/gettitlestring.sty
Package: gettitlestring 2019/12/15 v1.6 Cleanup title references (HO)
 (/usr/local/texlive/2025/texmf-dist/tex/latex/kvoptions/kvoptions.sty
Package: kvoptions 2022-06-15 v3.15 Key value format for package options (HO)
 (/usr/local/texlive/2025/texmf-dist/tex/latex/graphics/keyval.sty
Package: keyval 2022/05/29 v1.15 key=value parser (DPC)
\KV@toks@=\toks21
) (/usr/local/texlive/2025/texmf-dist/tex/latex/kvsetkeys/kvsetkeys.sty
Package: kvsetkeys 2022-10-05 v1.19 Key value parser (HO)
)))
\c@section@level=\count310
)
\tocentryskip=\skip134
\tocbaseline=\skip135
\cftparskip=\skip136
\cftbeforebookskip=\skip137
\cftbookindent=\dimen183
\cftbooknumwidth=\dimen184
\cftbeforepartskip=\skip138
\cftpartindent=\skip139
\cftpartnumwidth=\skip140
\cftbeforechapterskip=\skip141
\cftchapterindent=\skip142
\cftchapternumwidth=\skip143
\cftbeforesectionskip=\skip144
\cftsectionindent=\skip145
\cftsectionnumwidth=\skip146
\cftbeforesubsectionskip=\skip147
\cftsubsectionindent=\skip148
\cftsubsectionnumwidth=\skip149
\cftbeforesubsubsectionskip=\skip150
\cftsubsubsectionindent=\skip151
\cftsubsubsectionnumwidth=\skip152
\cftbeforeparagraphskip=\skip153
\cftparagraphindent=\skip154
\cftparagraphnumwidth=\skip155
\cftbeforesubparagraphskip=\skip156
\cftsubparagraphindent=\skip157
\cftsubparagraphnumwidth=\skip158
\prechapterprecisshift=\dimen185
\c@maxsecnumdepth=\count311
\bibindent=\dimen186
\bibitemsep=\skip159
\indexcolsep=\skip160
\indexrule=\skip161
\indexmarkstyle=\toks22
\@indexbox=\insert252
LaTeX Info: Redefining \raggedbottom on input line 8095.
LaTeX Info: Redefining \flushbottom on input line 8099.
\glossarycolsep=\dimen187
\glossaryrule=\dimen188
\sideparvshift=\skip162
\sideins=\insert251
\sidebartopsep=\skip163
\sidebarhsep=\skip164
\sidebarvsep=\skip165
\sidebarwidth=\skip166
\footmarkwidth=\skip167
\footmarksep=\skip168
\footparindent=\skip169
\footinsdim=\skip170
\footinsv@r=\insert250
\@mpfootinsv@r=\insert249
\m@m@k=\count312
\m@m@h=\dimen189
\m@mipn@skip=\skip171
\sidefootins=\insert248
\sidefootadjust=\skip172
\sidefootheight=\skip173
\sidefoothsep=\skip174
\sidefootvsep=\skip175
\sidefootwidth=\skip176
\m@mdownsf=\skip177
\c@sidefootnote=\count313
\sidefootmarkwidth=\skip178
\sidefootmarksep=\skip179
\sidefootparindent=\skip180
\c@pagenote=\count314
\c@pagenoteshadow=\count315
\mem@pn@lastkern=\skip181
 (/usr/local/texlive/2025/texmf-dist/tex/latex/tools/verbatim.sty
Package: verbatim 2024-01-22 v1.5x LaTeX2e package for verbatim enhancements
\every@verbatim=\toks23
\verbatim@line=\toks24
\verbatim@in@stream=\read2
)
\verbatimindent=\skip182
\verbatim@out=\write3
 (/usr/local/texlive/2025/texmf-dist/tex/latex/base/shortvrb.sty
Package: shortvrb 2024/12/25 v3.0q Standard LaTeX documentation package V3 (FMi)
)
\bvboxsep=\skip183
\c@memfbvline=\count316
\c@bvlinectr=\count317
\bvnumlength=\skip184
\fb@frw=\dimen190
\fb@frh=\dimen191
\FrameRule=\dimen192
\FrameSep=\dimen193
\c@cp@cntr=\count318
\c@ism@mctr=\count319
\c@xsm@mctr=\count320
\c@csm@mctr=\count321
\c@ksm@mctr=\count322
\c@xksm@mctr=\count323
\c@cksm@mctr=\count324
\c@msm@mctr=\count325
\c@xmsm@mctr=\count326
\c@cmsm@mctr=\count327
\c@bsm@mctr=\count328
\c@workm@mctr=\count329
\c@sheetsequence=\count330
\c@lastsheet=\count331
\c@lastpage=\count332
\c@figure=\count333
\c@lofdepth=\count334
\cftbeforefigureskip=\skip185
\cftfigureindent=\skip186
\cftfigurenumwidth=\skip187
\c@table=\count335
\c@lotdepth=\count336
\cftbeforetableskip=\skip188
\cfttableindent=\skip189
\cfttablenumwidth=\skip190
Package abstract [2008/07/23] emulated by memoir.
Package appendix [2008/07/23] emulated by memoir.
Package ccaption [2008/07/23] emulated by memoir.
Package changepage [2008/07/23] emulated by memoir.
Package chngcntr [2008/07/23] emulated by memoir.
Package chngpage [2008/07/23] emulated by memoir.
Package crop emulated by memoir.
Package enumerate [2008/07/23] emulated by memoir.
Package epigraph [2008/07/23] emulated by memoir.
Package ifmtarg [2008/07/23] emulated by memoir.
Package index [2008/07/23] emulated by memoir.
Package makeidx [2008/07/23] emulated by memoir.
Package moreverb [2008/07/23] emulated by memoir.
Package needspace [2008/07/23] emulated by memoir.
Package newfile [2008/07/23] emulated by memoir.
Package nextpage [2008/07/23] emulated by memoir.
Package pagenote [2008/07/23] emulated by memoir.
Package parskip [2008/07/23] emulated by memoir.
Package patchcmd [2008/07/23] emulated by memoir.
Package setspace [2008/07/23] emulated by memoir.
Package showidx [2008/07/23] emulated by memoir.
Package titleref [2008/07/23] emulated by memoir.
Package titling [2008/07/23] emulated by memoir.
Package tocbibind [2008/07/23] emulated by memoir.
Package tocloft [2008/07/23] emulated by memoir.
Package tocvsec2 [2008/07/23] emulated by memoir.
Package verse [2008/07/23] emulated by memoir.
) (/usr/local/texlive/2025/texmf-dist/tex/generic/babel/babel.sty
Package: babel 2025/10/01 v25.13 The multilingual framework for LuaLaTeX, pdfLaTeX and XeLaTeX
\babel@savecnt=\count337
LaTeX Encoding Info:    Redeclaring text command \ij (encoding OT1) on input line 2045.
LaTeX Encoding Info:    Redeclaring text command \IJ (encoding OT1) on input line 2047.
LaTeX Encoding Info:    Redeclaring text command \ij (encoding T1) on input line 2049.
LaTeX Encoding Info:    Redeclaring text command \IJ (encoding T1) on input line 2050.
LaTeX Encoding Info:    Ignoring declaration for text command \ij (encoding ?) on input line 2051.
LaTeX Encoding Info:    Ignoring declaration for text command \IJ (encoding ?) on input line 2053.
LaTeX Encoding Info:    Ignoring declaration for text command \SS (encoding ?) on input line 2078.
\U@D=\dimen194
\l@unhyphenated=\language90
 (/usr/local/texlive/2025/texmf-dist/tex/generic/babel/txtbabel.def)
\bbl@readstream=\read3
\bbl@dirlevel=\count338
Package babel Info: Main language set with 'main='. Except if you have
(babel)             problems, prefer the default mechanism for setting
(babel)             the main language, i.e., as the last declared.
(babel)             Reported on input line 4216.
 (/usr/local/texlive/2025/texmf-dist/tex/generic/babel-dutch/dutch.ldf
Language: dutch 2021/08/29 v3.8l Dutch support from the babel system
 (/usr/local/texlive/2025/texmf-dist/tex/generic/babel/locale/nl/babel-dutch.tex
Package babel Info: Importing font and identification data for dutch
(babel)             from babel-nl.ini. Reported on input line 12.
)
Package babel Info: Making " an active character on input line 127.
) (/usr/local/texlive/2025/texmf-dist/tex/generic/babel-english/english.ldf
Language: english 2017/06/06 v3.3r English support from the babel system
 (/usr/local/texlive/2025/texmf-dist/tex/generic/babel/locale/en/babel-english.tex
Package babel Info: Importing font and identification data for english
(babel)             from babel-en.ini. Reported on input line 12.
)
Package babel Info: Hyphen rules for 'canadian' set to \l@english
(babel)             (\language0). Reported on input line 102.
Package babel Info: Hyphen rules for 'australian' set to \l@ukenglish
(babel)             (\language22). Reported on input line 105.
Package babel Info: Hyphen rules for 'newzealand' set to \l@ukenglish
(babel)             (\language22). Reported on input line 108.
)) (/usr/local/texlive/2025/texmf-dist/tex/latex/graphics/graphicx.sty
Package: graphicx 2024/12/31 v1.2e Enhanced LaTeX Graphics (DPC,SPQR)
 (/usr/local/texlive/2025/texmf-dist/tex/latex/graphics/graphics.sty
Package: graphics 2024/08/06 v1.4g Standard LaTeX Graphics (DPC,SPQR)
 (/usr/local/texlive/2025/texmf-dist/tex/latex/graphics/trig.sty
Package: trig 2023/12/02 v1.11 sin cos tan (DPC)
) (/usr/local/texlive/2025/texmf-dist/tex/latex/graphics-cfg/graphics.cfg
File: graphics.cfg 2016/06/04 v1.11 sample graphics configuration
)
Package graphics Info: Driver file: pdftex.def on input line 106.
 (/usr/local/texlive/2025/texmf-dist/tex/latex/graphics-def/pdftex.def
File: pdftex.def 2025/09/29 v1.2d Graphics/color driver for pdftex
))
\Gin@req@height=\dimen195
\Gin@req@width=\dimen196
)) (/usr/local/texlive/2025/texmf-dist/tex/latex/hyperref/hyperref.sty
Package: hyperref 2025-07-12 v7.01o Hypertext links for LaTeX
 (/usr/local/texlive/2025/texmf-dist/tex/generic/kvdefinekeys/kvdefinekeys.sty
Package: kvdefinekeys 2019-12-19 v1.6 Define keys (HO)
) (/usr/local/texlive/2025/texmf-dist/tex/generic/pdfescape/pdfescape.sty
Package: pdfescape 2019/12/09 v1.15 Implements pdfTeX's escape features (HO)
 (/usr/local/texlive/2025/texmf-dist/tex/generic/pdftexcmds/pdftexcmds.sty
Package: pdftexcmds 2020-06-27 v0.33 Utility functions of pdfTeX for LuaTeX (HO)
Package pdftexcmds Info: \pdf@primitive is available.
Package pdftexcmds Info: \pdf@ifprimitive is available.
Package pdftexcmds Info: \pdfdraftmode found.
)) (/usr/local/texlive/2025/texmf-dist/tex/latex/hycolor/hycolor.sty
Package: hycolor 2020-01-27 v1.10 Color options for hyperref/bookmark (HO)
) (/usr/local/texlive/2025/texmf-dist/tex/generic/stringenc/stringenc.sty
Package: stringenc 2019/11/29 v1.12 Convert strings between diff. encodings (HO)
)
\@linkdim=\dimen197
\Hy@linkcounter=\count339
\Hy@pagecounter=\count340
 (/usr/local/texlive/2025/texmf-dist/tex/latex/hyperref/pd1enc.def
File: pd1enc.def 2025-07-12 v7.01o Hyperref: PDFDocEncoding definition (HO)
Now handling font encoding PD1 ...
... no UTF-8 mapping file for font encoding PD1
) (/usr/local/texlive/2025/texmf-dist/tex/generic/intcalc/intcalc.sty
Package: intcalc 2019/12/15 v1.3 Expandable calculations with integers (HO)
)
\Hy@SavedSpaceFactor=\count341
 (/usr/local/texlive/2025/texmf-dist/tex/latex/hyperref/puenc.def
File: puenc.def 2025-07-12 v7.01o Hyperref: PDF Unicode definition (HO)
Now handling font encoding PU ...
... no UTF-8 mapping file for font encoding PU
)
Package hyperref Info: Option `pdfusetitle' set `true' on input line 4066.
Package hyperref Info: Option `colorlinks' set `true' on input line 4066.
Package hyperref Info: Option `plainpages' set `false' on input line 4066.
Package hyperref Info: Hyper figures OFF on input line 4195.
Package hyperref Info: Link nesting OFF on input line 4200.
Package hyperref Info: Hyper index ON on input line 4203.
Package hyperref Info: Plain pages OFF on input line 4210.
Package hyperref Info: Backreferencing OFF on input line 4215.
Package hyperref Info: Implicit mode ON; LaTeX internals redefined.
Package hyperref Info: Bookmarks ON on input line 4462.
\c@Hy@tempcnt=\count342
 (/usr/local/texlive/2025/texmf-dist/tex/latex/url/url.sty
\Urlmuskip=\muskip17
Package: url 2013/09/16  ver 3.4  Verb mode for urls, etc.
)
LaTeX Info: Redefining \url on input line 4801.
\XeTeXLinkMargin=\dimen198
 (/usr/local/texlive/2025/texmf-dist/tex/generic/bitset/bitset.sty
Package: bitset 2019/12/09 v1.3 Handle bit-vector datatype (HO)
 (/usr/local/texlive/2025/texmf-dist/tex/generic/bigintcalc/bigintcalc.sty
Package: bigintcalc 2019/12/15 v1.5 Expandable calculations on big integers (HO)
))
\Fld@menulength=\count343
\Field@Width=\dimen199
\Fld@charsize=\dimen256
Package hyperref Info: Hyper figures OFF on input line 6078.
Package hyperref Info: Link nesting OFF on input line 6083.
Package hyperref Info: Hyper index ON on input line 6086.
Package hyperref Info: backreferencing OFF on input line 6093.
Package hyperref Info: Link coloring ON on input line 6096.
Package hyperref Info: Link coloring with OCG OFF on input line 6103.
Package hyperref Info: PDF/A mode OFF on input line 6108.
\Hy@abspage=\count344
\c@Item=\count345
\c@Hfootnote=\count346
)
Package hyperref Info: Driver (autodetected): hpdftex.
 (/usr/local/texlive/2025/texmf-dist/tex/latex/hyperref/hpdftex.def
File: hpdftex.def 2025-07-12 v7.01o Hyperref driver for pdfTeX
\Fld@listcount=\count347
\c@bookmark@seq@number=\count348
 (/usr/local/texlive/2025/texmf-dist/tex/latex/rerunfilecheck/rerunfilecheck.sty
Package: rerunfilecheck 2025-06-21 v1.11 Rerun checks for auxiliary files (HO)
 (/usr/local/texlive/2025/texmf-dist/tex/generic/uniquecounter/uniquecounter.sty
Package: uniquecounter 2019/12/15 v1.4 Provide unlimited unique counter (HO)
)
Package uniquecounter Info: New unique counter `rerunfilecheck' on input line 284.
)
\Hy@SectionHShift=\skip191
) (/usr/local/texlive/2025/texmf-dist/tex/latex/memoir/memhfixc.sty
Package: memhfixc 2025/09/16 v1.24 hyperref package fixes for memoir class
\c@memhycontfloat=\count349
\c@mem@Hpagenote=\count350
) (/usr/local/texlive/2025/texmf-dist/tex/latex/lipsum/lipsum.sty (/usr/local/texlive/2025/texmf-dist/tex/latex/l3packages/l3keys2e/l3keys2e.sty
Package: l3keys2e 2024-08-16 LaTeX2e option processing using LaTeX3 keys
)
Package: lipsum 2021-09-20 v2.7 150 paragraphs of Lorem Ipsum dummy text
\g__lipsum_par_int=\count351
\l__lipsum_a_int=\count352
\l__lipsum_b_int=\count353
 (/usr/local/texlive/2025/texmf-dist/tex/latex/lipsum/lipsum.ltd.tex))

******************************************************
Stock height and width: 845.04684pt by 597.50787pt
Top and edge trims: 0pt and 0pt
Page height and width: 845.04684pt by 597.50787pt
Text height and width: 609.40027pt by 398pt
Spine and edge margins: 99.58466pt and 99.58466pt
Upper and lower margins: 106.09436pt and 129.55222pt
Headheight and headsep: 13.6pt and 19.8738pt
Footskip: 27.46295pt
Columnsep and columnseprule: 10pt and 0pt
Marginparsep and marginparwidth: 16.31996pt and 66.94473pt
Sidecapsep and sidecapwidth: 7pt and 101pt
Sidebarhsep and sidebarwidth: 7pt and 101pt
Sidebarvsep and sidebartopsep: 13.6pt and 0pt
Sidebarheight: 594.32022pt
Sidefoothsep and sidefootwidth: 7pt and 101pt
Sidefootvsep and sidefootheight: 13.6pt and 594.32022pt
******************************************************

(/usr/local/texlive/2025/texmf-dist/tex/latex/base/textcomp.sty
Package: textcomp 2024/04/24 v2.1b Standard LaTeX package
)
LaTeX Font Info:    Setting kulemtfpf sub-encoding to TS1/0 on input line 29.
 (./thesis-dutch.aux
Package babel Info: 'dutch' activates 'dutch' shorthands.
(babel)             Reported on input line 10.
 (./intro.aux) (./chapter-1.aux) (./chapter-2.aux) (./chapter-n.aux) (./conclusion.aux) (./appendix-1.aux) (./appendix-n.aux))
\openout1 = `thesis-dutch.aux'.

LaTeX Font Info:    Checking defaults for OML/cmm/m/it on input line 29.
LaTeX Font Info:    ... okay on input line 29.
LaTeX Font Info:    Checking defaults for OMS/cmsy/m/n on input line 29.
LaTeX Font Info:    ... okay on input line 29.
LaTeX Font Info:    Checking defaults for OT1/cmr/m/n on input line 29.
LaTeX Font Info:    ... okay on input line 29.
LaTeX Font Info:    Checking defaults for T1/cmr/m/n on input line 29.
LaTeX Font Info:    ... okay on input line 29.
LaTeX Font Info:    Checking defaults for TS1/cmr/m/n on input line 29.
LaTeX Font Info:    ... okay on input line 29.
LaTeX Font Info:    Checking defaults for OMX/cmex/m/n on input line 29.
LaTeX Font Info:    ... okay on input line 29.
LaTeX Font Info:    Checking defaults for U/cmr/m/n on input line 29.
LaTeX Font Info:    ... okay on input line 29.
LaTeX Font Info:    Checking defaults for PD1/pdf/m/n on input line 29.
LaTeX Font Info:    ... okay on input line 29.
LaTeX Font Info:    Checking defaults for PU/pdf/m/n on input line 29.
LaTeX Font Info:    ... okay on input line 29.
 (/usr/local/texlive/2025/texmf-dist/tex/context/base/mkii/supp-pdf.mkii
[Loading MPS to PDF converter (version 2006.09.02).]
\scratchcounter=\count354
\scratchdimen=\dimen257
\scratchbox=\box58
\nofMPsegments=\count355
\nofMParguments=\count356
\everyMPshowfont=\toks25
\MPscratchCnt=\count357
\MPscratchDim=\dimen258
\MPnumerator=\count358
\makeMPintoPDFobject=\count359
\everyMPtoPDFconversion=\toks26
) (/usr/local/texlive/2025/texmf-dist/tex/latex/epstopdf-pkg/epstopdf-base.sty
Package: epstopdf-base 2020-01-24 v2.11 Base part for package epstopdf
Package epstopdf-base Info: Redefining graphics rule for `.eps' on input line 485.
 (/usr/local/texlive/2025/texmf-dist/tex/latex/latexconfig/epstopdf-sys.cfg
File: epstopdf-sys.cfg 2010/07/13 v1.3 Configuration of (r)epstopdf for TeX Live
)) (/usr/local/texlive/2025/texmf-dist/tex/latex/graphics/color.sty
Package: color 2025/01/14 v1.3e Standard LaTeX Color (DPC)
 (/usr/local/texlive/2025/texmf-dist/tex/latex/graphics-cfg/color.cfg
File: color.cfg 2016/01/02 v1.6 sample color configuration
)
Package color Info: Driver file: pdftex.def on input line 149.
 (/usr/local/texlive/2025/texmf-dist/tex/latex/graphics/mathcolor.ltx))
Package hyperref Info: Link coloring ON on input line 29.
 (./thesis-dutch.out) (./thesis-dutch.out)
\@outlinefile=\write4
\openout4 = `thesis-dutch.out'.

<logokuleng-nl.pdf, id=156, 257.76299pt x 100.4553pt>
File: logokuleng-nl.pdf Graphic file (type pdf)
<use logokuleng-nl.pdf>
Package pdftex.def Info: logokuleng-nl.pdf  used on input line 29.
(pdftex.def)             Requested size: 257.76236pt x 100.45505pt.


[-1


{/usr/local/texlive/2025/texmf-var/fonts/map/pdftex/updmap/pdftex.map}{/usr/local/texlive/2025/texmf-dist/fonts/enc/dvips/tex-gyre/q-ec.enc} <./logokuleng-nl.pdf>]

[0


{/usr/local/texlive/2025/texmf-dist/fonts/enc/dvips/tex-gyre/q-ts1.enc}]

[1



{/usr/local/texlive/2025/texmf-dist/fonts/enc/dvips/lm/lm-ec.enc}] (./thesis-dutch.toc
LaTeX Font Info:    External font `cmex10' loaded for size
(Font)              <10.95> on input line 10.
LaTeX Font Info:    External font `cmex10' loaded for size
(Font)              <8> on input line 10.
LaTeX Font Info:    External font `cmex10' loaded for size
(Font)              <6> on input line 10.


[2


])

[3]
LaTeX Font Info:    Trying to load font information for T1+lmtt on input line 41.
 (/usr/local/texlive/2025/texmf-dist/tex/latex/lm/t1lmtt.fd
File: t1lmtt.fd 2015/05/01 v1.6.1 Font defs for Latin Modern
)

[4

]

[5


] (./thesis-dutch.lof) (./thesis-dutch.lot)

[6


]

[7

]

[8

]
\openout2 = `intro.aux'.

 (./intro.tex
Chapter 1.
LaTeX Font Info:    Trying to load font information for TS1+lmr on input line 11.
(/usr/local/texlive/2025/texmf-dist/tex/latex/lm/ts1lmr.fd
File: ts1lmr.fd 2015/05/01 v1.6.1 Font defs for Latin Modern
)
Underfull \hbox (badness 10000) in paragraph at lines 18--29

 []


Underfull \hbox (badness 10000) in paragraph at lines 18--29

 []


Underfull \hbox (badness 10000) in paragraph at lines 18--29

 []



[1


{/usr/local/texlive/2025/texmf-dist/fonts/enc/dvips/lm/lm-ts1.enc}]
Underfull \hbox (badness 10000) in paragraph at lines 51--56

 []


Underfull \hbox (badness 10000) in paragraph at lines 51--56

 []



[2]
Underfull \hbox (badness 10000) in paragraph at lines 66--76

 []


Underfull \hbox (badness 10000) in paragraph at lines 66--76

 []


Underfull \hbox (badness 10000) in paragraph at lines 80--83

 []


Underfull \hbox (badness 10000) in paragraph at lines 80--83

 []


Underfull \hbox (badness 10000) in paragraph at lines 84--99

 []


Underfull \hbox (badness 10000) in paragraph at lines 84--99

 []


Underfull \hbox (badness 10000) in paragraph at lines 84--99

 []


Overfull \hbox (2.07281pt too wide) in paragraph at lines 84--99
\T1/lmr/m/n/10.95 Developing code for se-cure IoT ap-pli-ca-tions: Project is par-ti-tioned into "User project"
 []


Underfull \hbox (badness 10000) in paragraph at lines 84--99

 []


Underfull \hbox (badness 10000) in paragraph at lines 84--99

 []



[3]
Overfull \hbox (10.61656pt too wide) in paragraph at lines 101--106
\T1/lmr/m/n/10.95 Samenvatting van [][]$\T1/lmtt/m/n/10.95 https : / / ieeexplore . ieee . org / document / 8959992 / references #
 []


Underfull \hbox (badness 10000) in paragraph at lines 101--106

 []

<figures/Architectuur secure updates.png, id=299, 823.075pt x 683.55376pt>
File: figures/Architectuur secure updates.png Graphic file (type png)
<use figures/Architectuur secure updates.png>
Package pdftex.def Info: figures/Architectuur secure updates.png  used on input line 115.
(pdftex.def)             Requested size: 199.0pt x 165.26614pt.

Underfull \hbox (badness 10000) in paragraph at lines 109--136

 []


Underfull \hbox (badness 10000) in paragraph at lines 109--136

 []


Underfull \hbox (badness 10000) in paragraph at lines 109--136

 []


Underfull \hbox (badness 10000) in paragraph at lines 109--136

 []


Underfull \hbox (badness 10000) in paragraph at lines 109--136

 []



[4]

[5 <./figures/Architectuur secure updates.png>]
Underfull \hbox (badness 10000) in paragraph at lines 139--152

 []



[6]
Underfull \hbox (badness 10000) in paragraph at lines 177--178

 []


Underfull \vbox (badness 3514) has occurred while \output is active []



[7]
Overfull \hbox (21.11157pt too wide) in paragraph at lines 182--183
\T1/lmr/m/n/10.95 ties, ver-schil-lende com-mu-ni-ca-tion pro-to-cols, ver-schil-lende ar-chi-tec-turen ...Moeilijk
 []



[8]
Underfull \hbox (badness 10000) in paragraph at lines 234--240

 []


Underfull \hbox (badness 10000) in paragraph at lines 234--240

 []


Underfull \hbox (badness 10000) in paragraph at lines 244--251

 []



[9]
Overfull \hbox (22.15755pt too wide) in paragraph at lines 257--276
\T1/lmtt/m/n/10.95 url ? sa = t & source = web & rct = j & opi = 89978449 & url = https : / / documentation-[]service .
 []


Overfull \hbox (107.88855pt too wide) in paragraph at lines 257--276
\T1/lmtt/m/n/10.95 arm . com / static / 5f212796500e883ab8e74531 & ved = 2ahUKEwiMyJLq _ 4OQAxXLVaQEHdDXNP4QFnoECAsQAQ &
 []


Underfull \hbox (badness 10000) in paragraph at lines 257--276

 []


Underfull \hbox (badness 10000) in paragraph at lines 257--276

 []


Underfull \hbox (badness 10000) in paragraph at lines 257--276

 []


Underfull \hbox (badness 10000) in paragraph at lines 257--276

 []


Underfull \hbox (badness 10000) in paragraph at lines 257--276

 []


Overfull \hbox (39.40375pt too wide) in paragraph at lines 257--276
\T1/lmtt/m/n/10.95 default / files / publications / ENISA % 20Report % 20-[] % 20Guidelines % 20for % 20Securing %
 []


Underfull \hbox (badness 10000) in paragraph at lines 257--276

 []


Overfull \hbox (28.92494pt too wide) in paragraph at lines 257--276
\T1/lmr/m/n/10.95 Basically state of IoT OTA up-date se-cu-rity anno mei 2022: [][]$\T1/lmtt/m/n/10.95 https : / / www . sciencedirect .
 []



[10])

[11]
\openout2 = `chapter-1.aux'.

 (./chapter-1.tex

[12




]
Chapter 2.


[13])

[14]
\openout2 = `chapter-2.aux'.

 (./chapter-2.tex
Chapter 3.

Class memoir Warning: \fref is marked deprecated and will be
(memoir)              removed from memoir in 2026.
(memoir)              Define your own version in the preamble. E.g. via
(memoir)              \newcommand\fref[1]{\figurename~\ref{#1}}
(memoir)               on input line 21.

<logokuleng-en.pdf, id=385, 216.81pt x 99.9735pt>
File: logokuleng-en.pdf Graphic file (type pdf)
<use logokuleng-en.pdf>
Package pdftex.def Info: logokuleng-en.pdf  used on input line 25.
(pdftex.def)             Requested size: 216.80946pt x 99.97324pt.

Underfull \vbox (badness 2837) has occurred while \output is active []



[15




]

Class memoir Warning: \tref is marked deprecated and will be
(memoir)              removed from memoir in 2026.
(memoir)              Define your own version in the preamble. E.g. via
(memoir)              \newcommand\tref[1]{\tablename~\ref{#1}}
(memoir)               on input line 32.

LaTeX Font Info:    Trying to load font information for T1+lmss on input line 66.
(/usr/local/texlive/2025/texmf-dist/tex/latex/lm/t1lmss.fd
File: t1lmss.fd 2015/05/01 v1.6.1 Font defs for Latin Modern
)

[16 <./logokuleng-en.pdf>]

[17])

[18]

[19]
\openout2 = `chapter-n.aux'.

 (./chapter-n.tex

[20




]
Chapter 4.


[21])
Underfull \vbox (badness 4316) has occurred while \output is active []



[22]

[23]
\openout2 = `conclusion.aux'.

 (./conclusion.tex

[24




]
Chapter 5.
)
Underfull \vbox (badness 1308) has occurred while \output is active []



[25]

[26]

[27



]

[28]
\openout2 = `appendix-1.aux'.

 (./appendix-1.tex
Appendix A.


[29


])

[30]
\openout2 = `appendix-n.aux'.

 (./appendix-n.tex
Appendix B.


[31




])

[32] (./thesis-dutch.bbl
bibitemlist
)

[33




]
\tf@toc=\write5
\openout5 = `thesis-dutch.toc'.

\tf@lof=\write6
\openout6 = `thesis-dutch.lof'.

\tf@lot=\write7
\openout7 = `thesis-dutch.lot'.

 (./thesis-dutch.aux (./intro.aux) (./chapter-1.aux) (./chapter-2.aux) (./chapter-n.aux) (./conclusion.aux) (./appendix-1.aux) (./appendix-n.aux))
 ***********
LaTeX2e <2025-06-01> patch level 1
L3 programming layer <2020/03/25>
 ***********
Package rerunfilecheck Info: File `thesis-dutch.out' has not changed.
(rerunfilecheck)             Checksum: DC04D46594970A6FCF9B32EF60CE0559;6009.
 ) 
Here is how much of TeX's memory you used:
 14854 strings out of 467748
 245070 string characters out of 5426964
 793460 words of memory out of 5000000
 43189 multiletter control sequences out of 15000+600000
 692544 words of font info for 72 fonts, out of 8000000 for 9000
 1141 hyphenation exceptions out of 8191
 98i,12n,107p,693b,727s stack positions out of 10000i,1000n,20000p,200000b,200000s

pdfTeX warning (dest): name{https://www.enisa.europa.eu/sites/default/files/publications/ENISA\\%20Report\\%20-\\%20Guidelines\\%20for\\%20Securing\\%20the\\%20Internet\\%20of\\%20Things.pdf} has been referenced but does not exist, replaced by a fixed one


pdfTeX warning (dest): name{https://www.youtube.com/watch?v=TkFC4Q2BwCM} has been referenced but does not exist, replaced by a fixed one


pdfTeX warning (dest): name{https://www.youtube.com/watch?v=MREwcSo0uz4} has been referenced but does not exist, replaced by a fixed one

</usr/local/texlive/2025/texmf-dist/fonts/type1/public/amsfonts/cm/cmex10.pfb></usr/local/texlive/2025/texmf-dist/fonts/type1/public/amsfonts/cm/cmmi10.pfb></usr/local/texlive/2025/texmf-dist/fonts/type1/public/amsfonts/cm/cmmi8.pfb></usr/local/texlive/2025/texmf-dist/fonts/type1/public/amsfonts/cm/cmr10.pfb></usr/local/texlive/2025/texmf-dist/fonts/type1/public/amsfonts/cm/cmr6.pfb></usr/local/texlive/2025/texmf-dist/fonts/type1/public/amsfonts/cm/cmr8.pfb></usr/local/texlive/2025/texmf-dist/fonts/type1/public/amsfonts/cm/cmsy10.pfb></usr/local/texlive/2025/texmf-dist/fonts/type1/public/amsfonts/cm/cmsy8.pfb></usr/local/texlive/2025/texmf-dist/fonts/type1/public/lm/lmbx10.pfb></usr/local/texlive/2025/texmf-dist/fonts/type1/public/lm/lmbx12.pfb></usr/local/texlive/2025/texmf-dist/fonts/type1/public/lm/lmcsc10.pfb></usr/local/texlive/2025/texmf-dist/fonts/type1/public/lm/lmr10.pfb></usr/local/texlive/2025/texmf-dist/fonts/type1/public/lm/lmri10.pfb></usr/local/texlive/2025/texmf-dist/fonts/type1/public/lm/lmss10.pfb></usr/local/texlive/2025/texmf-dist/fonts/type1/public/lm/lmtt10.pfb></usr/local/texlive/2025/texmf-dist/fonts/type1/public/tex-gyre/qhvr.pfb></usr/local/texlive/2025/texmf-dist/fonts/type1/public/tex-gyre/qhvri.pfb>
Output written on thesis-dutch.pdf (43 pages, 576041 bytes).
PDF statistics:
 611 PDF objects out of 1000 (max. 8388607)
 514 compressed objects within 6 object streams
 125 named destinations out of 1000 (max. 500000)
 320 words of extra memory for PDF output out of 10000 (max. 10000000)

